<?xml version="1.0" encoding="UTF-8"?>
<!-- Generated by org.testng.reporters.JUnitReportReporter -->
<testsuite skipped="0" hostname="Adels-MacBook-Pro.local" name="ICEYEAPI.GetAPITest" tests="2" failures="0" timestamp="18 Apr 2021 16:21:42 GMT" time="6.942" errors="0">
  <testcase name="getAPITest" time="2.835" classname="ICEYEAPI.GetAPITest"/>
  <testcase name="getAPITest_date" time="4.107" classname="ICEYEAPI.GetAPITest"/>
</testsuite> <!-- ICEYEAPI.GetAPITest -->
