<?xml version="1.0" encoding="UTF-8"?>
<!-- Generated by org.testng.reporters.JUnitReportReporter -->
<testsuite skipped="0" hostname="Adels-MacBook-Pro.local" name="com.ICEYE.ICEYETask.SumValidation" tests="1" failures="0" timestamp="16 Apr 2021 14:56:16 GMT" time="0.844" errors="0">
  <testcase name="validateSummition" time="0.844" classname="com.ICEYE.ICEYETask.SumValidation"/>
</testsuite> <!-- com.ICEYE.ICEYETask.SumValidation -->
