<?xml version="1.0" encoding="UTF-8"?>
<!-- Generated by org.testng.reporters.JUnitReportReporter -->
<testsuite skipped="0" hostname="Adels-MacBook-Pro.local" name="baseTest.BaseTest" tests="1" failures="0" timestamp="18 Apr 2021 13:30:27 GMT" time="0.009" errors="0">
  <testcase name="TestDemo" time="0.009" classname="baseTest.BaseTest"/>
</testsuite> <!-- baseTest.BaseTest -->
